# JRE version: OpenJDK Runtime Environment (11.0+28) (build 11+28)
# Java VM: OpenJDK 64-Bit Server VM (11+28, mixed mode, tiered, compressed oops, g1 gc, windows-amd64)
Heap:
 garbage-first heap   total 262144K, used 135229K [0x0000000700a00000, 0x0000000800000000)
  region size 1024K, 132 young (135168K), 1 survivors (1024K)
 Metaspace       used 9407K, capacity 9602K, committed 9856K, reserved 1058816K
  class space    used 712K, capacity 795K, committed 896K, reserved 1048576K
GC Heap History (10 events):
Event: 2769.372 GC heap before
{Heap before GC invocations=1439 (full 0):
 garbage-first heap   total 262144K, used 157755K [0x0000000700a00000, 0x0000000800000000)
  region size 1024K, 153 young (156672K), 1 survivors (1024K)
 Metaspace       used 9292K, capacity 9442K, committed 9472K, reserved 1058816K
  class space    used 707K, capacity 763K, committed 768K, reserved 1048576K
}
Event: 2769.373 GC heap after
{Heap after GC invocations=1440 (full 0):
 garbage-first heap   total 262144K, used 2107K [0x0000000700a00000, 0x0000000800000000)
  region size 1024K, 1 young (1024K), 1 survivors (1024K)
 Metaspace       used 9292K, capacity 9442K, committed 9472K, reserved 1058816K
  class space    used 707K, capacity 763K, committed 768K, reserved 1048576K
}
Event: 2827.196 GC heap before
{Heap before GC invocations=1440 (full 0):
 garbage-first heap   total 262144K, used 157755K [0x0000000700a00000, 0x0000000800000000)
  region size 1024K, 153 young (156672K), 1 survivors (1024K)
 Metaspace       used 9292K, capacity 9442K, committed 9472K, reserved 1058816K
  class space    used 707K, capacity 763K, committed 768K, reserved 1048576K
}
Event: 2827.197 GC heap after
{Heap after GC invocations=1441 (full 0):
 garbage-first heap   total 262144K, used 2107K [0x0000000700a00000, 0x0000000800000000)
  region size 1024K, 1 young (1024K), 1 survivors (1024K)
 Metaspace       used 9292K, capacity 9442K, committed 9472K, reserved 1058816K
  class space    used 707K, capacity 763K, committed 768K, reserved 1048576K
}
Event: 2893.150 GC heap before
{Heap before GC invocations=1441 (full 0):
 garbage-first heap   total 262144K, used 157755K [0x0000000700a00000, 0x0000000800000000)
  region size 1024K, 153 young (156672K), 1 survivors (1024K)
 Metaspace       used 9320K, capacity 9442K, committed 9472K, reserved 1058816K
  class space    used 708K, capacity 763K, committed 768K, reserved 1048576K
}
Event: 2893.150 GC heap after
{Heap after GC invocations=1442 (full 0):
 garbage-first heap   total 262144K, used 2107K [0x0000000700a00000, 0x0000000800000000)
  region size 1024K, 1 young (1024K), 1 survivors (1024K)
 Metaspace       used 9320K, capacity 9442K, committed 9472K, reserved 1058816K
  class space    used 708K, capacity 763K, committed 768K, reserved 1048576K
}
Event: 2953.789 GC heap before
{Heap before GC invocations=1442 (full 0):
 garbage-first heap   total 262144K, used 157755K [0x0000000700a00000, 0x0000000800000000)
  region size 1024K, 153 young (156672K), 1 survivors (1024K)
 Metaspace       used 9320K, capacity 9442K, committed 9472K, reserved 1058816K
  class space    used 708K, capacity 763K, committed 768K, reserved 1048576K
}
Event: 2953.789 GC heap after
{Heap after GC invocations=1443 (full 0):
 garbage-first heap   total 262144K, used 2107K [0x0000000700a00000, 0x0000000800000000)
  region size 1024K, 1 young (1024K), 1 survivors (1024K)
 Metaspace       used 9320K, capacity 9442K, committed 9472K, reserved 1058816K
  class space    used 708K, capacity 763K, committed 768K, reserved 1048576K
}
Event: 3012.287 GC heap before
{Heap before GC invocations=1443 (full 0):
 garbage-first heap   total 262144K, used 157755K [0x0000000700a00000, 0x0000000800000000)
  region size 1024K, 153 young (156672K), 1 survivors (1024K)
 Metaspace       used 9320K, capacity 9442K, committed 9472K, reserved 1058816K
  class space    used 708K, capacity 763K, committed 768K, reserved 1048576K
}
Event: 3012.287 GC heap after
{Heap after GC invocations=1444 (full 0):
 garbage-first heap   total 262144K, used 2109K [0x0000000700a00000, 0x0000000800000000)
  region size 1024K, 1 young (1024K), 1 survivors (1024K)
 Metaspace       used 9320K, capacity 9442K, committed 9472K, reserved 1058816K
  class space    used 708K, capacity 763K, committed 768K, reserved 1048576K
}

